<?xml version="1.0" encoding="UTF-8"?>
<testng-results ignored="0" total="1" passed="1" failed="0" skipped="0">
  <reporter-output>
  </reporter-output>
  <suite started-at="2026-01-04T23:17:19 IST" name="Suite" finished-at="2026-01-04T23:17:38 IST" duration-ms="18868">
    <groups>
    </groups>
    <test started-at="2026-01-04T23:17:19 IST" name="Test" finished-at="2026-01-04T23:17:38 IST" duration-ms="18868">
      <class name="TestPackage.TC03_Create_Job_Posting">
        <test-method is-config="true" signature="setup(java.lang.String)[pri:0, instance:TestPackage.TC03_Create_Job_Posting@3568f9d2]" started-at="2026-01-04T23:17:19 IST" name="setup" finished-at="2026-01-04T23:17:27 IST" duration-ms="7730" status="PASS">
          <params>
            <param index="0">
              <value>
                <![CDATA[chrome]]>
              </value>
            </param>
          </params>
          <reporter-output>
          </reporter-output>
        </test-method> <!-- setup -->
        <test-method is-config="true" signature="setupLogin()[pri:0, instance:TestPackage.TC03_Create_Job_Posting@3568f9d2]" started-at="2026-01-04T23:17:27 IST" name="setupLogin" finished-at="2026-01-04T23:17:28 IST" duration-ms="1172" status="PASS">
          <reporter-output>
          </reporter-output>
        </test-method> <!-- setupLogin -->
        <test-method signature="jobPosting()[pri:0, instance:TestPackage.TC03_Create_Job_Posting@3568f9d2]" started-at="2026-01-04T23:17:28 IST" name="jobPosting" finished-at="2026-01-04T23:17:38 IST" duration-ms="9578" status="PASS">
          <reporter-output>
          </reporter-output>
        </test-method> <!-- jobPosting -->
        <test-method is-config="true" signature="tearDown()[pri:0, instance:TestPackage.TC03_Create_Job_Posting@3568f9d2]" started-at="2026-01-04T23:17:38 IST" name="tearDown" finished-at="2026-01-04T23:17:38 IST" duration-ms="343" status="PASS">
          <reporter-output>
          </reporter-output>
        </test-method> <!-- tearDown -->
      </class> <!-- TestPackage.TC03_Create_Job_Posting -->
    </test> <!-- Test -->
  </suite> <!-- Suite -->
</testng-results>
