<?xml version="1.0" encoding="UTF-8"?>
<!-- Generated by org.testng.reporters.JUnitReportReporter -->
<testsuite hostname="Manikanta" failures="0" tests="10" name="TestPackage.TC_002_Employee_Registration" time="68.431" errors="0" timestamp="2026-01-04T11:12:23 IST" skipped="0">
  <testcase classname="TestPackage.TC_002_Employee_Registration" name="employeeRegistration" time="5.927"/>
  <testcase classname="TestPackage.TC_002_Employee_Registration" name="employeeRegistration" time="8.411"/>
  <testcase classname="TestPackage.TC_002_Employee_Registration" name="employeeRegistration" time="6.460"/>
  <testcase classname="TestPackage.TC_002_Employee_Registration" name="employeeRegistration" time="7.717"/>
  <testcase classname="TestPackage.TC_002_Employee_Registration" name="employeeRegistration" time="6.331"/>
  <testcase classname="TestPackage.TC_002_Employee_Registration" name="employeeRegistration" time="6.929"/>
  <testcase classname="TestPackage.TC_002_Employee_Registration" name="employeeRegistration" time="5.643"/>
  <testcase classname="TestPackage.TC_002_Employee_Registration" name="employeeRegistration" time="7.339"/>
  <testcase classname="TestPackage.TC_002_Employee_Registration" name="employeeRegistration" time="6.751"/>
  <testcase classname="TestPackage.TC_002_Employee_Registration" name="employeeRegistration" time="6.923"/>
</testsuite> <!-- TestPackage.TC_002_Employee_Registration -->
